<?xml version="1.0" encoding="UTF-8"?>
<!-- Generated by org.testng.reporters.JUnitReportReporter -->
<testsuite hostname="Sarads-MBP" name="testcases.Logintogmail" tests="2" failures="0" timestamp="10 Oct 2017 05:54:18 GMT" time="10.974" errors="0">
  <testcase name="hubLogin" time="5.536" classname="testcases.Logintogmail"/>
  <testcase name="nodeLogin" time="5.438" classname="testcases.Logintogmail"/>
</testsuite> <!-- testcases.Logintogmail -->
